#
# A fatal error has been detected by the Java Runtime Environment:
#
#  SIGSEGV (0xb) at pc=0x000000012af5a2d7, pid=6705, tid=0x000000000000cf07
#
# JRE version: Java(TM) SE Runtime Environment (8.0_121-b13) (build 1.8.0_121-b13)
# Java VM: Java HotSpot(TM) 64-Bit Server VM (25.121-b13 mixed mode bsd-amd64 compressed oops)
# Problematic frame:
# C  [libawt_lwawt.dylib+0x1c2d7]  OGLSD_SetScratchSurface+0x49
#
# Failed to write core dump. Core dumps have been disabled. To enable core dumping, try "ulimit -c unlimited" before starting Java again
#
# If you would like to submit a bug report, please visit:
#   http://bugreport.java.com/bugreport/crash.jsp
# The crash happened outside the Java Virtual Machine in native code.
# See problematic frame for where to report the bug.
#

---------------  T H R E A D  ---------------

Current thread (0x00007f7fd60cc000):  JavaThread "Java2D Queue Flusher" daemon [_thread_in_native, id=52999, stack(0x000000012f2e9000,0x000000012f3e9000)]

siginfo: si_signo: 11 (SIGSEGV), si_code: 1 (SEGV_MAPERR), si_addr: 0x0000000000000002

Registers:
RAX=0x00000000ffffffff, RBX=0x0000000000000002, RCX=0x0000000000000047, RDX=0x000000012af7b370
RSP=0x000000012f3e8730, RBP=0x000000012f3e8750, RSI=0x00007f7fd371d0c0, RDI=0x00007f7fd60cc1f8
R8 =0x0000000000000e43, R9 =0x0000000000000060, R10=0x000000010d5563f8, R11=0x000000010d54ba80
R12=0x0000000000000000, R13=0x000000012f3e88e8, R14=0x00007f7fd60cc1f8, R15=0x00007f7fd60cc000
RIP=0x000000012af5a2d7, EFLAGS=0x0000000000010202, ERR=0x0000000000000004
  TRAPNO=0x000000000000000e

Top of Stack: (sp=0x000000012f3e8730)
0x000000012f3e8730:   00007f7fd371d0c0 0000000000000000
0x000000012f3e8740:   00007f7fd60da410 00007f7fd60cc000
0x000000012f3e8750:   000000012f3e87d0 000000012af7ae4e
0x000000012f3e8760:   00007f7fd350f700 0000000200000001
0x000000012f3e8770:   000000006b28bbd8 000000012f3e8700
0x000000012f3e8780:   0000000000000000 0000000000000000
0x000000012f3e8790:   0000000130e61aa0 00007f7fd60da420
0x000000012f3e87a0:   00000001003e87c0 00007f7fd60cc1f8
0x000000012f3e87b0:   0000000131b391f0 0000000000000000
0x000000012f3e87c0:   000000012f3e8968 00007f7fd60cc000
0x000000012f3e87d0:   000000012f3e8820 000000010d55646a
0x000000012f3e87e0:   000000076ebad770 000000010c73745c
0x000000012f3e87f0:   0000000000000064 0000000000000000
0x000000012f3e8800:   0000000000000064 00007f7fd350fb08
0x000000012f3e8810:   000000012f3e8870 000000010c54f494
0x000000012f3e8820:   000000012f3e8940 000000010d55567c
0x000000012f3e8830:   0000000000000001 00007f7fd3502380
0x000000012f3e8840:   000000076eb10200 00007f7fd60cc000
0x000000012f3e8850:   00007f7fd60cc000 0000000126356a00
0x000000012f3e8860:   000000012f3e8968 00007f7fd60cc000
0x000000012f3e8870:   000000012f3e88c0 000000010d4ce428
0x000000012f3e8880:   000000076ebad770 000000010d4ef5a6
0x000000012f3e8890:   000000012f3e8940 000000010d54badc
0x000000012f3e88a0:   0000000126960b3c 000000012f3e88e8
0x000000012f3e88b0:   0000000126960c28 0000000000000000
0x000000012f3e88c0:   000000012f3e8940 000000010d1df2bd
0x000000012f3e88d0:   000000012f3e8940 000000010d1df2bd
0x000000012f3e88e0:   000000010d1df2bd 000000076ebad770
0x000000012f3e88f0:   0000000000000001 000000076eb10220
0x000000012f3e8900:   000000012f3e88f0 00000001268b0d51
0x000000012f3e8910:   000000012f3e8968 00000001268b10a8
0x000000012f3e8920:   0000000000000000 00000001268b0e58 

Instructions: (pc=0x000000012af5a2d7)
0x000000012af5a2b7:   c0 e9 82 00 00 00 48 8b 5e 10 48 85 db 75 0e bf
0x000000012af5a2c7:   01 00 00 00 48 8d 15 0a 7e 03 00 eb d6 49 89 fe
0x000000012af5a2d7:   4c 8b 3b 30 c0 e8 d9 a8 02 00 49 8b 3f 49 89 c4
0x000000012af5a2e7:   48 8b 35 d2 03 06 00 30 c0 e8 e5 a9 02 00 48 85 

Register to memory mapping:

RAX=0x00000000ffffffff is an unknown value
RBX=0x0000000000000002 is an unknown value
RCX=0x0000000000000047 is an unknown value
RDX=0x000000012af7b370: Java_sun_java2d_opengl_OGLRenderQueue_flushBuffer+0xb5c in /Library/Java/JavaVirtualMachines/jdk1.8.0_121.jdk/Contents/Home/jre/lib/libawt_lwawt.dylib at 0x000000012af3e000
RSP=0x000000012f3e8730 is pointing into the stack for thread: 0x00007f7fd60cc000
RBP=0x000000012f3e8750 is pointing into the stack for thread: 0x00007f7fd60cc000
RSI=0x00007f7fd371d0c0 is an unknown value
RDI=0x00007f7fd60cc1f8 is an unknown value
R8 =0x0000000000000e43 is an unknown value
R9 =0x0000000000000060 is an unknown value
R10=0x000000010d5563f8 is at entry_point+56 in (nmethod*)0x000000010d556250
R11=0x000000010d54ba80 is at entry_point+0 in (nmethod*)0x000000010d54b910
R12=0x0000000000000000 is an unknown value
R13=0x000000012f3e88e8 is pointing into the stack for thread: 0x00007f7fd60cc000
R14=0x00007f7fd60cc1f8 is an unknown value
R15=0x00007f7fd60cc000 is a thread


Stack: [0x000000012f2e9000,0x000000012f3e9000],  sp=0x000000012f3e8730,  free space=1021k
Native frames: (J=compiled Java code, j=interpreted, Vv=VM code, C=native code)
C  [libawt_lwawt.dylib+0x1c2d7]  OGLSD_SetScratchSurface+0x49
C  [libawt_lwawt.dylib+0x3ce4e]  Java_sun_java2d_opengl_OGLRenderQueue_flushBuffer+0x63a
J 1065  sun.java2d.opengl.OGLRenderQueue.flushBuffer(JI)V (0 bytes) @ 0x000000010d55646a [0x000000010d5563c0+0xaa]
J 1062 C1 sun.java2d.opengl.OGLRenderQueue.flushBuffer()V (41 bytes) @ 0x000000010d55567c [0x000000010d555420+0x25c]
J 1061 C1 sun.java2d.opengl.OGLRenderQueue.access$100(Lsun/java2d/opengl/OGLRenderQueue;)V (5 bytes) @ 0x000000010d54badc [0x000000010d54ba80+0x5c]
j  sun.java2d.opengl.OGLRenderQueue$QueueFlusher.run()V+81
v  ~StubRoutines::call_stub
V  [libjvm.dylib+0x2ed9d6]  JavaCalls::call_helper(JavaValue*, methodHandle*, JavaCallArguments*, Thread*)+0x6ae
V  [libjvm.dylib+0x2ee164]  JavaCalls::call_virtual(JavaValue*, KlassHandle, Symbol*, Symbol*, JavaCallArguments*, Thread*)+0x164
V  [libjvm.dylib+0x2ee310]  JavaCalls::call_virtual(JavaValue*, Handle, KlassHandle, Symbol*, Symbol*, Thread*)+0x4a
V  [libjvm.dylib+0x348a5d]  thread_entry(JavaThread*, Thread*)+0x7c
V  [libjvm.dylib+0x56ab0f]  JavaThread::thread_main_inner()+0x9b
V  [libjvm.dylib+0x56c1fc]  JavaThread::run()+0x1c2
V  [libjvm.dylib+0x48a5b2]  java_start(Thread*)+0xf6
C  [libsystem_pthread.dylib+0x405a]  _pthread_body+0x83
C  [libsystem_pthread.dylib+0x3fd7]  _pthread_body+0x0
C  [libsystem_pthread.dylib+0x13ed]  thread_start+0xd
C  0x0000000000000000

Java frames: (J=compiled Java code, j=interpreted, Vv=VM code)
J 1065  sun.java2d.opengl.OGLRenderQueue.flushBuffer(JI)V (0 bytes) @ 0x000000010d5563f8 [0x000000010d5563c0+0x38]
J 1062 C1 sun.java2d.opengl.OGLRenderQueue.flushBuffer()V (41 bytes) @ 0x000000010d55567c [0x000000010d555420+0x25c]
J 1061 C1 sun.java2d.opengl.OGLRenderQueue.access$100(Lsun/java2d/opengl/OGLRenderQueue;)V (5 bytes) @ 0x000000010d54badc [0x000000010d54ba80+0x5c]
j  sun.java2d.opengl.OGLRenderQueue$QueueFlusher.run()V+81
v  ~StubRoutines::call_stub

---------------  P R O C E S S  ---------------

Java Threads: ( => current thread )
  0x00007f7fd636b800 JavaThread "TimerQueue" daemon [_thread_blocked, id=61783, stack(0x000000018cee7000,0x000000018cfe7000)]
  0x00007f7fd6800000 JavaThread "DestroyJavaVM" [_thread_blocked, id=4867, stack(0x000000010b0c3000,0x000000010b1c3000)]
  0x00007f7fd695c000 JavaThread "AWT-EventQueue-0" [_thread_blocked, id=56583, stack(0x0000000130bb2000,0x0000000130cb2000)]
  0x00007f7fd60e4800 JavaThread "Java2D Disposer" daemon [_thread_blocked, id=55575, stack(0x000000013080e000,0x000000013090e000)]
=>0x00007f7fd60cc000 JavaThread "Java2D Queue Flusher" daemon [_thread_in_native, id=52999, stack(0x000000012f2e9000,0x000000012f3e9000)]
  0x00007f7fd5039800 JavaThread "AWT-Shutdown" [_thread_blocked, id=30995, stack(0x000000012c71c000,0x000000012c81c000)]
  0x00007f7fd682b800 JavaThread "AppKit Thread" daemon [_thread_blocked, id=1811, stack(0x00007fff54454000,0x00007fff54c54000)]
  0x00007f7fd5034800 JavaThread "Service Thread" daemon [_thread_blocked, id=20739, stack(0x000000012abc3000,0x000000012acc3000)]
  0x00007f7fd6803000 JavaThread "C1 CompilerThread3" daemon [_thread_blocked, id=20227, stack(0x000000012aac0000,0x000000012abc0000)]
  0x00007f7fd6802000 JavaThread "C2 CompilerThread2" daemon [_thread_blocked, id=19715, stack(0x000000012a9bd000,0x000000012aabd000)]
  0x00007f7fd5041800 JavaThread "C2 CompilerThread1" daemon [_thread_blocked, id=19203, stack(0x000000012a8ba000,0x000000012a9ba000)]
  0x00007f7fd3874000 JavaThread "C2 CompilerThread0" daemon [_thread_blocked, id=18691, stack(0x000000012a7b7000,0x000000012a8b7000)]
  0x00007f7fd388c000 JavaThread "Signal Dispatcher" daemon [_thread_blocked, id=14615, stack(0x000000012a6b4000,0x000000012a7b4000)]
  0x00007f7fd600d800 JavaThread "Finalizer" daemon [_thread_blocked, id=13571, stack(0x0000000128cac000,0x0000000128dac000)]
  0x00007f7fd383a000 JavaThread "Reference Handler" daemon [_thread_blocked, id=13059, stack(0x0000000128ba9000,0x0000000128ca9000)]

Other Threads:
  0x00007f7fd5022000 VMThread [stack: 0x0000000128aa6000,0x0000000128ba6000] [id=12547]
  0x00007f7fd500e000 WatcherThread [stack: 0x000000012acc6000,0x000000012adc6000] [id=21251]

VM state:not at safepoint (normal execution)

VM Mutex/Monitor currently owned by a thread: None

Heap:
 PSYoungGen      total 76288K, used 19946K [0x000000076ab00000, 0x0000000770000000, 0x00000007c0000000)
  eden space 65536K, 14% used [0x000000076ab00000,0x000000076b3faeb8,0x000000076eb00000)
  from space 10752K, 99% used [0x000000076eb00000,0x000000076f57faf8,0x000000076f580000)
  to   space 10752K, 0% used [0x000000076f580000,0x000000076f580000,0x0000000770000000)
 ParOldGen       total 175104K, used 35185K [0x00000006c0000000, 0x00000006cab00000, 0x000000076ab00000)
  object space 175104K, 20% used [0x00000006c0000000,0x00000006c225c6d0,0x00000006cab00000)
 Metaspace       used 13575K, capacity 13766K, committed 14080K, reserved 1060864K
  class space    used 1684K, capacity 1767K, committed 1792K, reserved 1048576K

Card table byte_map: [0x000000011c597000,0x000000011cd98000] byte_map_base: 0x0000000118f97000

Marking Bits: (ParMarkBitMap*) 0x000000010caf0d30
 Begin Bits: [0x000000011db06000, 0x0000000121b06000)
 End Bits:   [0x0000000121b06000, 0x0000000125b06000)

Polling page: 0x000000010b1d3000

CodeCache: size=245760Kb used=7518Kb max_used=7565Kb free=238241Kb
 bounds [0x000000010d1d7000, 0x000000010d947000, 0x000000011c1d7000]
 total_blobs=2646 nmethods=2118 adapters=440
 compilation: enabled

Compilation events (10 events):
Event: 278.654 Thread 0x00007f7fd6803000 2187   !   3       java.lang.ref.Reference::tryHandlePending (115 bytes)
Event: 278.655 Thread 0x00007f7fd6803000 nmethod 2187 0x000000010d910e90 code [0x000000010d9110c0, 0x000000010d911d88]
Event: 278.655 Thread 0x00007f7fd6803000 2188   !   3       java.lang.ref.ReferenceQueue::enqueue (119 bytes)
Event: 278.656 Thread 0x00007f7fd6803000 nmethod 2188 0x000000010d910350 code [0x000000010d910500, 0x000000010d910c88]
Event: 278.656 Thread 0x00007f7fd6802000 2189       4       sun.awt.image.VolatileSurfaceManager::displayChanged (55 bytes)
Event: 278.657 Thread 0x00007f7fd6803000 2190       3       sun.misc.VM::addFinalRefCount (24 bytes)
Event: 278.657 Thread 0x00007f7fd6803000 nmethod 2190 0x000000010d356890 code [0x000000010d356a00, 0x000000010d356bb0]
Event: 278.658 Thread 0x00007f7fd6803000 2191       1       sun.awt.image.IntegerInterleavedRaster::getDataOffset (7 bytes)
Event: 278.658 Thread 0x00007f7fd6803000 nmethod 2191 0x000000010d910010 code [0x000000010d910160, 0x000000010d910290]
Event: 278.661 Thread 0x00007f7fd6802000 nmethod 2189 0x000000010d91e7d0 code [0x000000010d91e980, 0x000000010d91edf8]

GC Heap History (2 events):
Event: 278.627 GC heap before
{Heap before GC invocations=1 (full 0):
 PSYoungGen      total 76288K, used 65536K [0x000000076ab00000, 0x0000000770000000, 0x00000007c0000000)
  eden space 65536K, 100% used [0x000000076ab00000,0x000000076eb00000,0x000000076eb00000)
  from space 10752K, 0% used [0x000000076f580000,0x000000076f580000,0x0000000770000000)
  to   space 10752K, 0% used [0x000000076eb00000,0x000000076eb00000,0x000000076f580000)
 ParOldGen       total 175104K, used 0K [0x00000006c0000000, 0x00000006cab00000, 0x000000076ab00000)
  object space 175104K, 0% used [0x00000006c0000000,0x00000006c0000000,0x00000006cab00000)
 Metaspace       used 13571K, capacity 13766K, committed 14080K, reserved 1060864K
  class space    used 1684K, capacity 1767K, committed 1792K, reserved 1048576K
Event: 278.654 GC heap after
Heap after GC invocations=1 (full 0):
 PSYoungGen      total 76288K, used 10750K [0x000000076ab00000, 0x0000000770000000, 0x00000007c0000000)
  eden space 65536K, 0% used [0x000000076ab00000,0x000000076ab00000,0x000000076eb00000)
  from space 10752K, 99% used [0x000000076eb00000,0x000000076f57faf8,0x000000076f580000)
  to   space 10752K, 0% used [0x000000076f580000,0x000000076f580000,0x0000000770000000)
 ParOldGen       total 175104K, used 35185K [0x00000006c0000000, 0x00000006cab00000, 0x000000076ab00000)
  object space 175104K, 20% used [0x00000006c0000000,0x00000006c225c6d0,0x00000006cab00000)
 Metaspace       used 13571K, capacity 13766K, committed 14080K, reserved 1060864K
  class space    used 1684K, capacity 1767K, committed 1792K, reserved 1048576K
}

Deoptimization events (10 events):
Event: 260.720 Thread 0x00007f7fd695c000 Uncommon trap: reason=class_check action=maybe_recompile pc=0x000000010d686034 method=sun.java2d.SurfaceData.getSourceSurfaceData(Ljava/awt/Image;ILsun/java2d/loops/CompositeType;Ljava/awt/Color;)Lsun/java2d/SurfaceData; @ 78
Event: 260.743 Thread 0x00007f7fd695c000 Uncommon trap: reason=unstable_if action=reinterpret pc=0x000000010d6e0358 method=sun.java2d.pipe.Region.isInsideXYXY(IIII)Z @ 30
Event: 260.743 Thread 0x00007f7fd695c000 Uncommon trap: reason=class_check action=maybe_recompile pc=0x000000010d686034 method=sun.java2d.SurfaceData.getSourceSurfaceData(Ljava/awt/Image;ILsun/java2d/loops/CompositeType;Ljava/awt/Color;)Lsun/java2d/SurfaceData; @ 78
Event: 260.777 Thread 0x00007f7fd695c000 Uncommon trap: reason=bimorphic action=maybe_recompile pc=0x000000010d6a3234 method=java.util.HashMap.putVal(ILjava/lang/Object;Ljava/lang/Object;ZZ)Ljava/lang/Object; @ 152
Event: 260.778 Thread 0x00007f7fd695c000 Uncommon trap: reason=class_check action=maybe_recompile pc=0x000000010d686034 method=sun.java2d.SurfaceData.getSourceSurfaceData(Ljava/awt/Image;ILsun/java2d/loops/CompositeType;Ljava/awt/Color;)Lsun/java2d/SurfaceData; @ 78
Event: 260.811 Thread 0x00007f7fd695c000 Uncommon trap: reason=class_check action=maybe_recompile pc=0x000000010d685e74 method=sun.java2d.SurfaceData.getSourceSurfaceData(Ljava/awt/Image;ILsun/java2d/loops/CompositeType;Ljava/awt/Color;)Lsun/java2d/SurfaceData; @ 8
Event: 260.813 Thread 0x00007f7fd695c000 Uncommon trap: reason=bimorphic action=maybe_recompile pc=0x000000010d6a3234 method=java.util.HashMap.putVal(ILjava/lang/Object;Ljava/lang/Object;ZZ)Ljava/lang/Object; @ 152
Event: 260.815 Thread 0x00007f7fd695c000 Uncommon trap: reason=class_check action=maybe_recompile pc=0x000000010d686034 method=sun.java2d.SurfaceData.getSourceSurfaceData(Ljava/awt/Image;ILsun/java2d/loops/CompositeType;Ljava/awt/Color;)Lsun/java2d/SurfaceData; @ 78
Event: 260.845 Thread 0x00007f7fd695c000 Uncommon trap: reason=unstable_if action=reinterpret pc=0x000000010d62d31c method=sun.java2d.loops.RenderCache$Entry.matches(Lsun/java2d/loops/SurfaceType;Lsun/java2d/loops/CompositeType;Lsun/java2d/loops/SurfaceType;)Z @ 21
Event: 260.968 Thread 0x00007f7fd695c000 Uncommon trap: reason=unstable_if action=reinterpret pc=0x000000010d38b794 method=sun.java2d.SunGraphics2D.setColor(Ljava/awt/Color;)V @ 35

Internal exceptions (10 events):
Event: 0.561 Thread 0x00007f7fd6800000 Exception <a 'java/lang/ClassNotFoundException': javax/swing/JToolBarSeparator> (0x000000076b18c498) thrown at [/Users/java_re/workspace/8-2-build-macosx-x86_64/jdk8u121/8372/hotspot/src/share/vm/classfile/systemDictionary.cpp, line 210]
Event: 0.561 Thread 0x00007f7fd6800000 Exception <a 'java/lang/ClassNotFoundException': ToolBarSeparator> (0x000000076b18c930) thrown at [/Users/java_re/workspace/8-2-build-macosx-x86_64/jdk8u121/8372/hotspot/src/share/vm/classfile/systemDictionary.cpp, line 210]
Event: 0.561 Thread 0x00007f7fd6800000 Exception <a 'java/lang/ClassNotFoundException': ToolTip> (0x000000076b18d070) thrown at [/Users/java_re/workspace/8-2-build-macosx-x86_64/jdk8u121/8372/hotspot/src/share/vm/classfile/systemDictionary.cpp, line 210]
Event: 0.562 Thread 0x00007f7fd6800000 Exception <a 'java/lang/ClassNotFoundException': Tree> (0x000000076b18dc90) thrown at [/Users/java_re/workspace/8-2-build-macosx-x86_64/jdk8u121/8372/hotspot/src/share/vm/classfile/systemDictionary.cpp, line 210]
Event: 0.562 Thread 0x00007f7fd6800000 Exception <a 'java/lang/ClassNotFoundException': Tree> (0x000000076b18e3d0) thrown at [/Users/java_re/workspace/8-2-build-macosx-x86_64/jdk8u121/8372/hotspot/src/share/vm/classfile/systemDictionary.cpp, line 210]
Event: 0.562 Thread 0x00007f7fd6800000 Exception <a 'java/lang/ClassNotFoundException': javax/swing/JTreeCell> (0x000000076b18e750) thrown at [/Users/java_re/workspace/8-2-build-macosx-x86_64/jdk8u121/8372/hotspot/src/share/vm/classfile/systemDictionary.cpp, line 210]
Event: 0.562 Thread 0x00007f7fd6800000 Exception <a 'java/lang/ClassNotFoundException': TreeCell> (0x000000076b18ebd8) thrown at [/Users/java_re/workspace/8-2-build-macosx-x86_64/jdk8u121/8372/hotspot/src/share/vm/classfile/systemDictionary.cpp, line 210]
Event: 0.562 Thread 0x00007f7fd6800000 Exception <a 'java/lang/ClassNotFoundException': RootPane> (0x000000076b18f638) thrown at [/Users/java_re/workspace/8-2-build-macosx-x86_64/jdk8u121/8372/hotspot/src/share/vm/classfile/systemDictionary.cpp, line 210]
Event: 241.235 Thread 0x00007f7fd682b800 Implicit null exception at 0x000000010d5df322 to 0x000000010d5e0c81
Event: 278.656 Thread 0x00007f7fd600d800 Exception <a 'java/lang/NullPointerException'> (0x000000076ae23330) thrown at [/Users/java_re/workspace/8-2-build-macosx-x86_64/jdk8u121/8372/hotspot/src/share/vm/interpreter/linkResolver.cpp, line 1178]

Events (10 events):
Event: 278.661 Thread 0x00007f7fd6802000 flushing nmethod 0x000000010d46fbd0
Event: 278.661 Thread 0x00007f7fd6802000 flushing nmethod 0x000000010d473750
Event: 278.661 Thread 0x00007f7fd6802000 flushing nmethod 0x000000010d473c10
Event: 278.661 Thread 0x00007f7fd6802000 flushing nmethod 0x000000010d488550
Event: 278.661 Thread 0x00007f7fd6802000 flushing nmethod 0x000000010d48c290
Event: 278.662 Thread 0x00007f7fd6802000 flushing nmethod 0x000000010d493c10
Event: 278.662 Thread 0x00007f7fd6802000 flushing nmethod 0x000000010d497c90
Event: 278.662 Thread 0x00007f7fd6802000 flushing nmethod 0x000000010d49ded0
Event: 278.662 Thread 0x00007f7fd6802000 flushing nmethod 0x000000010d49e1d0
Event: 278.662 Thread 0x00007f7fd6802000 flushing nmethod 0x000000010d4a1050


Dynamic libraries:
0x0000000008932000 	/System/Library/Frameworks/Cocoa.framework/Versions/A/Cocoa
0x0000000008932000 	/System/Library/Frameworks/Security.framework/Versions/A/Security
0x0000000008932000 	/System/Library/Frameworks/ApplicationServices.framework/Versions/A/ApplicationServices
0x0000000008932000 	/usr/lib/libz.1.dylib
0x0000000008932000 	/usr/lib/libSystem.B.dylib
0x0000000008932000 	/usr/lib/libobjc.A.dylib
0x0000000008932000 	/System/Library/Frameworks/CoreFoundation.framework/Versions/A/CoreFoundation
0x0000000008932000 	/System/Library/Frameworks/Foundation.framework/Versions/C/Foundation
0x0000000008932000 	/System/Library/Frameworks/AppKit.framework/Versions/C/AppKit
0x0000000008932000 	/System/Library/Frameworks/CoreData.framework/Versions/A/CoreData
0x0000000008932000 	/System/Library/PrivateFrameworks/RemoteViewServices.framework/Versions/A/RemoteViewServices
0x0000000008932000 	/System/Library/PrivateFrameworks/UIFoundation.framework/Versions/A/UIFoundation
0x0000000008932000 	/System/Library/Frameworks/IOSurface.framework/Versions/A/IOSurface
0x0000000008932000 	/System/Library/Frameworks/AudioToolbox.framework/Versions/A/AudioToolbox
0x0000000008932000 	/System/Library/Frameworks/AudioUnit.framework/Versions/A/AudioUnit
0x0000000008932000 	/System/Library/PrivateFrameworks/DataDetectorsCore.framework/Versions/A/DataDetectorsCore
0x0000000008932000 	/System/Library/PrivateFrameworks/DesktopServicesPriv.framework/Versions/A/DesktopServicesPriv
0x0000000008932000 	/System/Library/Frameworks/Carbon.framework/Versions/A/Frameworks/HIToolbox.framework/Versions/A/HIToolbox
0x0000000008932000 	/System/Library/Frameworks/QuartzCore.framework/Versions/A/QuartzCore
0x0000000008932000 	/System/Library/Frameworks/Carbon.framework/Versions/A/Frameworks/SpeechRecognition.framework/Versions/A/SpeechRecognition
0x0000000008932000 	/usr/lib/libauto.dylib
0x0000000008932000 	/usr/lib/libicucore.A.dylib
0x0000000008932000 	/usr/lib/libxml2.2.dylib
0x0000000008932000 	/System/Library/PrivateFrameworks/CoreUI.framework/Versions/A/CoreUI
0x0000000008932000 	/System/Library/Frameworks/CoreAudio.framework/Versions/A/CoreAudio
0x0000000008932000 	/System/Library/Frameworks/DiskArbitration.framework/Versions/A/DiskArbitration
0x0000000008932000 	/usr/lib/liblangid.dylib
0x0000000008932000 	/System/Library/PrivateFrameworks/MultitouchSupport.framework/Versions/A/MultitouchSupport
0x0000000008932000 	/System/Library/Frameworks/IOKit.framework/Versions/A/IOKit
0x0000000008932000 	/usr/lib/libDiagnosticMessagesClient.dylib
0x0000000008932000 	/System/Library/Frameworks/CoreServices.framework/Versions/A/CoreServices
0x0000000008932000 	/System/Library/PrivateFrameworks/PerformanceAnalysis.framework/Versions/A/PerformanceAnalysis
0x0000000008932000 	/System/Library/PrivateFrameworks/GenerationalStorage.framework/Versions/A/GenerationalStorage
0x0000000008932000 	/System/Library/Frameworks/OpenGL.framework/Versions/A/OpenGL
0x0000000008932000 	/System/Library/PrivateFrameworks/Sharing.framework/Versions/A/Sharing
0x0000000008932000 	/System/Library/Frameworks/CoreGraphics.framework/Versions/A/CoreGraphics
0x0000000008932000 	/System/Library/Frameworks/CoreText.framework/Versions/A/CoreText
0x0000000008932000 	/System/Library/Frameworks/ImageIO.framework/Versions/A/ImageIO
0x0000000008932000 	/usr/lib/libextension.dylib
0x0000000008932000 	/System/Library/PrivateFrameworks/Backup.framework/Versions/A/Backup
0x0000000008932000 	/usr/lib/libarchive.2.dylib
0x0000000008932000 	/System/Library/Frameworks/CFNetwork.framework/Versions/A/CFNetwork
0x0000000008932000 	/System/Library/Frameworks/SystemConfiguration.framework/Versions/A/SystemConfiguration
0x0000000008932000 	/usr/lib/libCRFSuite.dylib
0x0000000008932000 	/usr/lib/libc++.1.dylib
0x0000000008932000 	/usr/lib/libc++abi.dylib
0x0000000008932000 	/usr/lib/system/libcache.dylib
0x0000000008932000 	/usr/lib/system/libcommonCrypto.dylib
0x0000000008932000 	/usr/lib/system/libcompiler_rt.dylib
0x0000000008932000 	/usr/lib/system/libcopyfile.dylib
0x0000000008932000 	/usr/lib/system/libcorecrypto.dylib
0x0000000008932000 	/usr/lib/system/libdispatch.dylib
0x0000000008932000 	/usr/lib/system/libdyld.dylib
0x0000000008932000 	/usr/lib/system/libkeymgr.dylib
0x0000000008932000 	/usr/lib/system/liblaunch.dylib
0x0000000008932000 	/usr/lib/system/libmacho.dylib
0x0000000008932000 	/usr/lib/system/libquarantine.dylib
0x0000000008932000 	/usr/lib/system/libremovefile.dylib
0x0000000008932000 	/usr/lib/system/libsystem_asl.dylib
0x0000000008932000 	/usr/lib/system/libsystem_blocks.dylib
0x0000000008932000 	/usr/lib/system/libsystem_c.dylib
0x0000000008932000 	/usr/lib/system/libsystem_configuration.dylib
0x0000000008932000 	/usr/lib/system/libsystem_coreservices.dylib
0x0000000008932000 	/usr/lib/system/libsystem_coretls.dylib
0x0000000008932000 	/usr/lib/system/libsystem_dnssd.dylib
0x0000000008932000 	/usr/lib/system/libsystem_info.dylib
0x0000000008932000 	/usr/lib/system/libsystem_kernel.dylib
0x0000000008932000 	/usr/lib/system/libsystem_m.dylib
0x0000000008932000 	/usr/lib/system/libsystem_malloc.dylib
0x0000000008932000 	/usr/lib/system/libsystem_network.dylib
0x0000000008932000 	/usr/lib/system/libsystem_networkextension.dylib
0x0000000008932000 	/usr/lib/system/libsystem_notify.dylib
0x0000000008932000 	/usr/lib/system/libsystem_platform.dylib
0x0000000008932000 	/usr/lib/system/libsystem_pthread.dylib
0x0000000008932000 	/usr/lib/system/libsystem_sandbox.dylib
0x0000000008932000 	/usr/lib/system/libsystem_secinit.dylib
0x0000000008932000 	/usr/lib/system/libsystem_stats.dylib
0x0000000008932000 	/usr/lib/system/libsystem_trace.dylib
0x0000000008932000 	/usr/lib/system/libunc.dylib
0x0000000008932000 	/usr/lib/system/libunwind.dylib
0x0000000008932000 	/usr/lib/system/libxpc.dylib
0x0000000008932000 	/usr/lib/libbz2.1.0.dylib
0x0000000008932000 	/usr/lib/liblzma.5.dylib
0x0000000008932000 	/usr/lib/libbsm.0.dylib
0x0000000008932000 	/usr/lib/libsqlite3.dylib
0x0000000008932000 	/usr/lib/system/libkxld.dylib
0x0000000008932000 	/usr/lib/libxar.1.dylib
0x0000000008932000 	/usr/lib/libpam.2.dylib
0x0000000008932000 	/usr/lib/libOpenScriptingUtil.dylib
0x0000000008932000 	/System/Library/Frameworks/CoreServices.framework/Versions/A/Frameworks/FSEvents.framework/Versions/A/FSEvents
0x0000000008932000 	/System/Library/Frameworks/CoreServices.framework/Versions/A/Frameworks/CarbonCore.framework/Versions/A/CarbonCore
0x0000000008932000 	/System/Library/Frameworks/CoreServices.framework/Versions/A/Frameworks/Metadata.framework/Versions/A/Metadata
0x0000000008932000 	/System/Library/Frameworks/CoreServices.framework/Versions/A/Frameworks/OSServices.framework/Versions/A/OSServices
0x0000000008932000 	/System/Library/Frameworks/CoreServices.framework/Versions/A/Frameworks/SearchKit.framework/Versions/A/SearchKit
0x0000000008932000 	/System/Library/Frameworks/CoreServices.framework/Versions/A/Frameworks/AE.framework/Versions/A/AE
0x0000000008932000 	/System/Library/Frameworks/CoreServices.framework/Versions/A/Frameworks/LaunchServices.framework/Versions/A/LaunchServices
0x0000000008932000 	/System/Library/Frameworks/CoreServices.framework/Versions/A/Frameworks/DictionaryServices.framework/Versions/A/DictionaryServices
0x0000000008932000 	/System/Library/Frameworks/NetFS.framework/Versions/A/NetFS
0x0000000008932000 	/System/Library/PrivateFrameworks/NetAuth.framework/Versions/A/NetAuth
0x0000000008932000 	/System/Library/PrivateFrameworks/login.framework/Versions/A/Frameworks/loginsupport.framework/Versions/A/loginsupport
0x0000000008932000 	/System/Library/PrivateFrameworks/TCC.framework/Versions/A/TCC
0x0000000008932000 	/usr/lib/libmecabra.dylib
0x0000000008932000 	/System/Library/Frameworks/ApplicationServices.framework/Versions/A/Frameworks/ATS.framework/Versions/A/ATS
0x0000000008932000 	/System/Library/Frameworks/ApplicationServices.framework/Versions/A/Frameworks/ColorSync.framework/Versions/A/ColorSync
0x0000000008932000 	/System/Library/Frameworks/ApplicationServices.framework/Versions/A/Frameworks/HIServices.framework/Versions/A/HIServices
0x0000000008932000 	/System/Library/Frameworks/ApplicationServices.framework/Versions/A/Frameworks/LangAnalysis.framework/Versions/A/LangAnalysis
0x0000000008932000 	/System/Library/Frameworks/ApplicationServices.framework/Versions/A/Frameworks/PrintCore.framework/Versions/A/PrintCore
0x0000000008932000 	/System/Library/Frameworks/ApplicationServices.framework/Versions/A/Frameworks/QD.framework/Versions/A/QD
0x0000000008932000 	/System/Library/Frameworks/ApplicationServices.framework/Versions/A/Frameworks/SpeechSynthesis.framework/Versions/A/SpeechSynthesis
0x0000000008932000 	/System/Library/Frameworks/Accelerate.framework/Versions/A/Accelerate
0x0000000008932000 	/System/Library/Frameworks/Accelerate.framework/Versions/A/Frameworks/vImage.framework/Versions/A/vImage
0x0000000008932000 	/System/Library/Frameworks/Accelerate.framework/Versions/A/Frameworks/vecLib.framework/Versions/A/vecLib
0x0000000008932000 	/System/Library/Frameworks/Accelerate.framework/Versions/A/Frameworks/vecLib.framework/Versions/A/libvDSP.dylib
0x0000000008932000 	/System/Library/Frameworks/Accelerate.framework/Versions/A/Frameworks/vecLib.framework/Versions/A/libvMisc.dylib
0x0000000008932000 	/System/Library/Frameworks/Accelerate.framework/Versions/A/Frameworks/vecLib.framework/Versions/A/libLAPACK.dylib
0x0000000008932000 	/System/Library/Frameworks/Accelerate.framework/Versions/A/Frameworks/vecLib.framework/Versions/A/libBLAS.dylib
0x0000000008932000 	/System/Library/Frameworks/Accelerate.framework/Versions/A/Frameworks/vecLib.framework/Versions/A/libLinearAlgebra.dylib
0x0000000008932000 	/System/Library/Frameworks/ApplicationServices.framework/Versions/A/Frameworks/ATS.framework/Versions/A/Resources/libFontParser.dylib
0x0000000008932000 	/System/Library/Frameworks/ApplicationServices.framework/Versions/A/Frameworks/ATS.framework/Versions/A/Resources/libFontRegistry.dylib
0x0000000008932000 	/System/Library/PrivateFrameworks/AppleVPA.framework/Versions/A/AppleVPA
0x0000000008932000 	/System/Library/PrivateFrameworks/AppleJPEG.framework/Versions/A/AppleJPEG
0x0000000008932000 	/System/Library/Frameworks/ImageIO.framework/Versions/A/Resources/libJPEG.dylib
0x0000000008932000 	/System/Library/Frameworks/ImageIO.framework/Versions/A/Resources/libTIFF.dylib
0x0000000008932000 	/System/Library/Frameworks/ImageIO.framework/Versions/A/Resources/libPng.dylib
0x0000000008932000 	/System/Library/Frameworks/ImageIO.framework/Versions/A/Resources/libGIF.dylib
0x0000000008932000 	/System/Library/Frameworks/ImageIO.framework/Versions/A/Resources/libJP2.dylib
0x0000000008932000 	/System/Library/Frameworks/ImageIO.framework/Versions/A/Resources/libRadiance.dylib
0x0000000008932000 	/System/Library/Frameworks/CoreVideo.framework/Versions/A/CoreVideo
0x0000000008932000 	/System/Library/Frameworks/OpenGL.framework/Versions/A/Libraries/libGLU.dylib
0x0000000008932000 	/System/Library/Frameworks/OpenGL.framework/Versions/A/Libraries/libGFXShared.dylib
0x0000000008932000 	/System/Library/Frameworks/OpenGL.framework/Versions/A/Libraries/libGL.dylib
0x0000000008932000 	/System/Library/Frameworks/OpenGL.framework/Versions/A/Libraries/libGLImage.dylib
0x0000000008932000 	/System/Library/Frameworks/OpenGL.framework/Versions/A/Libraries/libCVMSPluginSupport.dylib
0x0000000008932000 	/System/Library/Frameworks/OpenGL.framework/Versions/A/Libraries/libCoreVMClient.dylib
0x0000000008932000 	/usr/lib/libcups.2.dylib
0x0000000008932000 	/System/Library/Frameworks/Kerberos.framework/Versions/A/Kerberos
0x0000000008932000 	/System/Library/Frameworks/GSS.framework/Versions/A/GSS
0x0000000008932000 	/usr/lib/libresolv.9.dylib
0x0000000008932000 	/usr/lib/libiconv.2.dylib
0x0000000008932000 	/System/Library/PrivateFrameworks/Heimdal.framework/Versions/A/Heimdal
0x0000000008932000 	/usr/lib/libheimdal-asn1.dylib
0x0000000008932000 	/System/Library/Frameworks/OpenDirectory.framework/Versions/A/OpenDirectory
0x0000000008932000 	/System/Library/PrivateFrameworks/CommonAuth.framework/Versions/A/CommonAuth
0x0000000008932000 	/System/Library/Frameworks/OpenDirectory.framework/Versions/A/Frameworks/CFOpenDirectory.framework/Versions/A/CFOpenDirectory
0x0000000008932000 	/System/Library/Frameworks/SecurityFoundation.framework/Versions/A/SecurityFoundation
0x0000000008932000 	/System/Library/PrivateFrameworks/LanguageModeling.framework/Versions/A/LanguageModeling
0x0000000008932000 	/usr/lib/libcmph.dylib
0x0000000008932000 	/System/Library/Frameworks/ServiceManagement.framework/Versions/A/ServiceManagement
0x0000000008932000 	/usr/lib/libxslt.1.dylib
0x0000000008932000 	/System/Library/Frameworks/Carbon.framework/Versions/A/Frameworks/Ink.framework/Versions/A/Ink
0x0000000008932000 	/System/Library/Frameworks/QuartzCore.framework/Versions/A/Frameworks/CoreImage.framework/Versions/A/CoreImage
0x0000000008932000 	/System/Library/PrivateFrameworks/CrashReporterSupport.framework/Versions/A/CrashReporterSupport
0x0000000008932000 	/System/Library/Frameworks/OpenCL.framework/Versions/A/OpenCL
0x0000000008932000 	/System/Library/PrivateFrameworks/FaceCore.framework/Versions/A/FaceCore
0x0000000008932000 	/System/Library/PrivateFrameworks/Ubiquity.framework/Versions/A/Ubiquity
0x0000000008932000 	/System/Library/PrivateFrameworks/IconServices.framework/Versions/A/IconServices
0x0000000008932000 	/System/Library/PrivateFrameworks/ChunkingLibrary.framework/Versions/A/ChunkingLibrary
0x0000000008932000 	/System/Library/PrivateFrameworks/Apple80211.framework/Versions/A/Apple80211
0x0000000008932000 	/System/Library/Frameworks/CoreWLAN.framework/Versions/A/CoreWLAN
0x0000000008932000 	/System/Library/Frameworks/IOBluetooth.framework/Versions/A/IOBluetooth
0x0000000008932000 	/System/Library/PrivateFrameworks/CoreWiFi.framework/Versions/A/CoreWiFi
0x0000000008932000 	/System/Library/Frameworks/CoreBluetooth.framework/Versions/A/CoreBluetooth
0x0000000008932000 	/System/Library/PrivateFrameworks/DebugSymbols.framework/Versions/A/DebugSymbols
0x0000000008932000 	/System/Library/PrivateFrameworks/CoreSymbolication.framework/Versions/A/CoreSymbolication
0x0000000008932000 	/System/Library/PrivateFrameworks/Symbolication.framework/Versions/A/Symbolication
0x0000000008932000 	/System/Library/PrivateFrameworks/SpeechRecognitionCore.framework/Versions/A/SpeechRecognitionCore
0x000000010c200000 	/Library/Java/JavaVirtualMachines/jdk1.8.0_121.jdk/Contents/Home/jre/lib/server/libjvm.dylib
0x0000000008932000 	/usr/lib/libstdc++.6.dylib
0x000000010b1c5000 	/Library/Java/JavaVirtualMachines/jdk1.8.0_121.jdk/Contents/Home/jre/lib/libverify.dylib
0x000000010d1a2000 	/Library/Java/JavaVirtualMachines/jdk1.8.0_121.jdk/Contents/Home/jre/lib/libjava.dylib
0x000000010b1dd000 	/Library/Java/JavaVirtualMachines/jdk1.8.0_121.jdk/Contents/Home/jre/lib/libzip.dylib
0x000000010b1e7000 	/System/Library/Frameworks/JavaVM.framework/Frameworks/JavaRuntimeSupport.framework/JavaRuntimeSupport
0x0000000128dae000 	/System/Library/Frameworks/JavaVM.framework/Versions/A/Frameworks/JavaNativeFoundation.framework/Versions/A/JavaNativeFoundation
0x0000000128dc2000 	/System/Library/Frameworks/JavaVM.framework/Versions/A/JavaVM
0x0000000008932000 	/System/Library/Frameworks/Carbon.framework/Versions/A/Carbon
0x0000000128dce000 	/System/Library/PrivateFrameworks/JavaLaunching.framework/Versions/A/JavaLaunching
0x0000000008932000 	/System/Library/Frameworks/Carbon.framework/Versions/A/Frameworks/CommonPanels.framework/Versions/A/CommonPanels
0x0000000008932000 	/System/Library/Frameworks/Carbon.framework/Versions/A/Frameworks/Help.framework/Versions/A/Help
0x0000000008932000 	/System/Library/Frameworks/Carbon.framework/Versions/A/Frameworks/ImageCapture.framework/Versions/A/ImageCapture
0x0000000008932000 	/System/Library/Frameworks/Carbon.framework/Versions/A/Frameworks/OpenScripting.framework/Versions/A/OpenScripting
0x0000000008932000 	/System/Library/Frameworks/Carbon.framework/Versions/A/Frameworks/Print.framework/Versions/A/Print
0x0000000008932000 	/System/Library/Frameworks/Carbon.framework/Versions/A/Frameworks/SecurityHI.framework/Versions/A/SecurityHI
0x000000012adca000 	/Library/Java/JavaVirtualMachines/jdk1.8.0_121.jdk/Contents/Home/jre/lib/libawt.dylib
0x000000012ae72000 	/Library/Java/JavaVirtualMachines/jdk1.8.0_121.jdk/Contents/Home/jre/lib/./libmlib_image.dylib
0x000000012af3e000 	/Library/Java/JavaVirtualMachines/jdk1.8.0_121.jdk/Contents/Home/jre/lib/libawt_lwawt.dylib
0x000000012aff5000 	/Library/Java/JavaVirtualMachines/jdk1.8.0_121.jdk/Contents/Home/jre/lib/./libosxapp.dylib
0x0000000008932000 	/System/Library/Frameworks/ExceptionHandling.framework/Versions/A/ExceptionHandling
0x0000000008932000 	/System/Library/PrivateFrameworks/CoreServicesInternal.framework/Versions/A/CoreServicesInternal
0x0000000008932000 	/System/Library/PrivateFrameworks/CloudDocs.framework/Versions/A/CloudDocs
0x0000000008932000 	/System/Library/PrivateFrameworks/CoreDuet.framework/Versions/A/CoreDuet
0x0000000008932000 	/System/Library/Frameworks/CloudKit.framework/Versions/A/CloudKit
0x0000000008932000 	/System/Library/PrivateFrameworks/ProtocolBuffer.framework/Versions/A/ProtocolBuffer
0x0000000008932000 	/System/Library/PrivateFrameworks/CoreDuetDaemonProtocol.framework/Versions/A/CoreDuetDaemonProtocol
0x0000000008932000 	/System/Library/PrivateFrameworks/CoreDuetDebugLogging.framework/Versions/A/CoreDuetDebugLogging
0x0000000008932000 	/System/Library/PrivateFrameworks/MMCS.framework/Versions/A/MMCS
0x0000000008932000 	/System/Library/Frameworks/CoreLocation.framework/Versions/A/CoreLocation
0x0000000008932000 	/System/Library/PrivateFrameworks/ProtectedCloudStorage.framework/Versions/A/ProtectedCloudStorage
0x0000000008932000 	/System/Library/PrivateFrameworks/GeoServices.framework/Versions/A/GeoServices
0x0000000008932000 	/System/Library/Frameworks/CoreGraphics.framework/Versions/A/Resources/libCGCMS.A.dylib
0x0000000008932000 	/System/Library/Frameworks/CoreGraphics.framework/Versions/A/Resources/libRIP.A.dylib
0x0000000008932000 	/System/Library/Frameworks/CoreGraphics.framework/Versions/A/Resources/libCGXType.A.dylib
0x0000000008932000 	/System/Library/Frameworks/OpenCL.framework/Versions/A/Libraries/libcldcpuengine.dylib
0x0000000008932000 	/System/Library/PrivateFrameworks/DiskImages.framework/Versions/A/DiskImages
0x0000000008932000 	/System/Library/Frameworks/DiscRecording.framework/Versions/A/DiscRecording
0x0000000008932000 	/usr/lib/libcsfde.dylib
0x0000000008932000 	/usr/lib/libcurl.4.dylib
0x0000000008932000 	/System/Library/PrivateFrameworks/MediaKit.framework/Versions/A/MediaKit
0x0000000008932000 	/usr/lib/libCoreStorage.dylib
0x0000000008932000 	/System/Library/PrivateFrameworks/EFILogin.framework/Versions/A/EFILogin
0x0000000008932000 	/usr/lib/libutil.dylib
0x0000000008932000 	/System/Library/PrivateFrameworks/FindMyDevice.framework/Versions/A/FindMyDevice
0x0000000008932000 	/System/Library/Frameworks/LDAP.framework/Versions/A/LDAP
0x0000000008932000 	/usr/lib/libsasl2.2.dylib
0x0000000008932000 	/System/Library/PrivateFrameworks/CoreDaemon.framework/Versions/B/CoreDaemon
0x0000000008932000 	/usr/lib/libcrypto.0.9.8.dylib
0x0000000008932000 	/System/Library/PrivateFrameworks/AppleSRP.framework/Versions/A/AppleSRP
0x0000000008932000 	/System/Library/PrivateFrameworks/TrustEvaluationAgent.framework/Versions/A/TrustEvaluationAgent
0x000000012df22000 	cl_kernels
0x000000012df24000 	/System/Library/Frameworks/OpenCL.framework/Versions/A/Libraries/ImageFormats/unorm8_bgra.dylib
0x000000012df13000 	cl_kernels
0x0000000008932000 	/System/Library/PrivateFrameworks/FamilyControls.framework/Versions/A/FamilyControls
0x0000000008932000 	/System/Library/PrivateFrameworks/CommerceKit.framework/Versions/A/Frameworks/CommerceCore.framework/Versions/A/CommerceCore
0x0000000008932000 	/System/Library/PrivateFrameworks/SystemAdministration.framework/Versions/A/SystemAdministration
0x0000000008932000 	/System/Library/PrivateFrameworks/AppContainer.framework/Versions/A/AppContainer
0x0000000008932000 	/System/Library/PrivateFrameworks/SecCodeWrapper.framework/Versions/A/SecCodeWrapper
0x0000000008932000 	/System/Library/Frameworks/DirectoryService.framework/Versions/A/DirectoryService
0x0000000008932000 	/System/Library/PrivateFrameworks/LoginUIKit.framework/Versions/A/Frameworks/LoginUICore.framework/Versions/A/LoginUICore
0x0000000008932000 	/usr/lib/libodfde.dylib
0x000000012f281000 	/Library/Java/JavaVirtualMachines/jdk1.8.0_121.jdk/Contents/Home/jre/lib/libfontmanager.dylib
0x000000012d3c8000 	/Library/Java/JavaVirtualMachines/jdk1.8.0_121.jdk/Contents/Home/jre/lib/libosxui.dylib
0x0000000008932000 	/System/Library/Frameworks/OpenGL.framework/Versions/A/Resources/GLEngine.bundle/GLEngine
0x0000000008932000 	/System/Library/Frameworks/OpenGL.framework/Versions/A/Libraries/libGLProgrammability.dylib
0x000000012f3eb000 	/System/Library/Extensions/AppleIntelHD5000GraphicsGLDriver.bundle/Contents/MacOS/AppleIntelHD5000GraphicsGLDriver
0x0000000008932000 	/System/Library/PrivateFrameworks/IOAccelerator.framework/Versions/A/IOAccelerator
0x0000000008932000 	/System/Library/PrivateFrameworks/GPUSupport.framework/Versions/A/Libraries/libGPUSupportMercury.dylib
0x000000012fad2000 	/System/Library/Extensions/AMDRadeonX4000GLDriver.bundle/Contents/MacOS/AMDRadeonX4000GLDriver
0x0000000008932000 	/System/Library/Frameworks/OpenGL.framework/Versions/A/Resources/GLRendererFloat.bundle/GLRendererFloat
0x0000000130fb7000 	/Library/Java/JavaVirtualMachines/jdk1.8.0_121.jdk/Contents/Home/jre/lib/libjpeg.dylib
0x00000001319c5000 	/Library/Java/JavaVirtualMachines/jdk1.8.0_121.jdk/Contents/Home/jre/lib/libnet.dylib
0x0000000131a24000 	/Library/Java/JavaVirtualMachines/jdk1.8.0_121.jdk/Contents/Home/jre/lib/libnio.dylib
0x0000000008932000 	/System/Library/Frameworks/ApplicationServices.framework/Versions/A/Frameworks/ATS.framework/Versions/A/Resources/libTrueTypeScaler.dylib
0x000000018b1f6000 	/Library/Java/JavaVirtualMachines/jdk1.8.0_121.jdk/Contents/Home/jre/lib/libdcpr.dylib

VM Arguments:
jvm_args: -Dfile.encoding=UTF-8 
java_command: ImpDates
java_class_path (initial): /Users/yukun.peng/NetBeansProjects/Email Generator/build/classes
Launcher Type: SUN_STANDARD

Environment Variables:
PATH=/usr/bin:/bin:/usr/sbin:/sbin
LD_LIBRARY_PATH=/Library/Java/JavaVirtualMachines/jdk1.8.0_121.jdk/Contents/Home/jre/lib/amd64:/Library/Java/JavaVirtualMachines/jdk1.8.0_121.jdk/Contents/Home/jre/lib/i386:
SHELL=/bin/bash

Signal Handlers:
SIGSEGV: [libjvm.dylib+0x5b1141], sa_mask[0]=11111111011111110111111111111111, sa_flags=SA_ONSTACK|SA_RESTART|SA_SIGINFO
SIGBUS: [libjvm.dylib+0x5b1141], sa_mask[0]=11111111011111110111111111111111, sa_flags=SA_RESTART|SA_SIGINFO
SIGFPE: [libjvm.dylib+0x487bc4], sa_mask[0]=11111111011111110111111111111111, sa_flags=SA_RESTART|SA_SIGINFO
SIGPIPE: [libjvm.dylib+0x487bc4], sa_mask[0]=11111111011111110111111111111111, sa_flags=SA_RESTART|SA_SIGINFO
SIGXFSZ: [libjvm.dylib+0x487bc4], sa_mask[0]=11111111011111110111111111111111, sa_flags=SA_RESTART|SA_SIGINFO
SIGILL: [libjvm.dylib+0x487bc4], sa_mask[0]=11111111011111110111111111111111, sa_flags=SA_RESTART|SA_SIGINFO
SIGUSR1: SIG_DFL, sa_mask[0]=00000000000000000000000000000000, sa_flags=none
SIGUSR2: [libjvm.dylib+0x4876e2], sa_mask[0]=00100000000000000000000000000000, sa_flags=SA_RESTART|SA_SIGINFO
SIGHUP: [libjvm.dylib+0x485cb9], sa_mask[0]=11111111011111110111111111111111, sa_flags=SA_RESTART|SA_SIGINFO
SIGINT: SIG_IGN, sa_mask[0]=00000000000000000000000000000000, sa_flags=none
SIGTERM: [libjvm.dylib+0x485cb9], sa_mask[0]=11111111011111110111111111111111, sa_flags=SA_RESTART|SA_SIGINFO
SIGQUIT: [libjvm.dylib+0x485cb9], sa_mask[0]=11111111011111110111111111111111, sa_flags=SA_RESTART|SA_SIGINFO


---------------  S Y S T E M  ---------------

OS:Bsduname:Darwin 14.5.0 Darwin Kernel Version 14.5.0: Sun Sep 25 22:07:15 PDT 2016; root:xnu-2782.50.9~1/RELEASE_X86_64 x86_64
rlimit: STACK 8192k, CORE 0k, NPROC 709, NOFILE 10240, AS infinity
load average:2.02 1.93 1.79

CPU:total 8 (4 cores per cpu, 2 threads per core) family 6 model 70 stepping 1, cmov, cx8, fxsr, mmx, sse, sse2, sse3, ssse3, sse4.1, sse4.2, popcnt, avx, avx2, aes, clmul, erms, lzcnt, ht, tsc, tscinvbit, bmi1, bmi2

Memory: 4k page, physical 16777216k(14480k free)

/proc/meminfo:


vm_info: Java HotSpot(TM) 64-Bit Server VM (25.121-b13) for bsd-amd64 JRE (1.8.0_121-b13), built on Dec 12 2016 20:39:32 by "java_re" with gcc 4.2.1 (Based on Apple Inc. build 5658) (LLVM build 2336.11.00)

time: Tue Feb 21 11:51:33 2017
elapsed time: 278 seconds (0d 0h 4m 38s)

